<?xml version="1.0" encoding="UTF-8"?>
<testsuite xmlns:xsi="http://www.w3.org/2001/XMLSchema-instance" xsi:noNamespaceSchemaLocation="https://maven.apache.org/surefire/maven-surefire-plugin/xsd/surefire-test-report-3.0.xsd" version="3.0" name="BunTest" time="0.098" tests="6" errors="0" skipped="0" failures="0">
  <properties>
[...]
</properties>
  <testcase name="checkReturnCorrectPrice[0]" classname="BunTest" time="0.009"/>
  <testcase name="checkReturnCorrectName[0]" classname="BunTest" time="0.0"/>
  <testcase name="checkReturnCorrectPrice[1]" classname="BunTest" time="0.0"/>
  <testcase name="checkReturnCorrectName[1]" classname="BunTest" time="0.0"/>
  <testcase name="checkReturnCorrectPrice[2]" classname="BunTest" time="0.0"/>
  <testcase name="checkReturnCorrectName[2]" classname="BunTest" time="0.0"/>
</testsuite>